<?xml version="1.0" encoding="UTF-8"?>
<!-- Generated by org.testng.reporters.JUnitXMLReporter -->
<testsuite hostname="DESKTOP-JCBJG3I" ignored="1" name="RetryFailedTests" tests="8" failures="2" timestamp="2022-07-16T00:45:52 IST" time="114.552" errors="0">
  <testcase name="verifyPageTitleTest" time="0.025" classname="com.qa.capsulecrm.tests.LoginPageTest">
    <skipped/>
  </testcase> <!-- verifyPageTitleTest -->
  <testcase name="verifyPageTitleTest" time="0.02" classname="com.qa.capsulecrm.tests.LoginPageTest">
    <skipped/>
  </testcase> <!-- verifyPageTitleTest -->
  <testcase name="verifyPageTitleTest" time="0.013" classname="com.qa.capsulecrm.tests.LoginPageTest">
    <skipped/>
  </testcase> <!-- verifyPageTitleTest -->
  <testcase name="verifyPageTitleTest" time="0.017" classname="com.qa.capsulecrm.tests.LoginPageTest">
    <failure type="java.lang.AssertionError" message="expected [Test Automation CRM123] but found [Test Automation CRM]">
      <![CDATA[java.lang.AssertionError: expected [Test Automation CRM123] but found [Test Automation CRM]
at com.qa.capsulecrm.tests.LoginPageTest.verifyPageTitleTest(LoginPageTest.java:34)
at java.util.ArrayList.forEach(ArrayList.java:1259)
... Removed 33 stack frames]]>
    </failure>
  </testcase> <!-- verifyPageTitleTest -->
  <testcase name="verifyLogoDisplayTest" time="20.085" classname="com.qa.capsulecrm.tests.LoginPageTest">
    <skipped/>
  </testcase> <!-- verifyLogoDisplayTest -->
  <testcase name="verifyLogoDisplayTest" time="20.03" classname="com.qa.capsulecrm.tests.LoginPageTest">
    <skipped/>
  </testcase> <!-- verifyLogoDisplayTest -->
  <testcase name="verifyLogoDisplayTest" time="20.033" classname="com.qa.capsulecrm.tests.LoginPageTest">
    <skipped/>
  </testcase> <!-- verifyLogoDisplayTest -->
  <testcase name="verifyLogoDisplayTest" time="20.022" classname="com.qa.capsulecrm.tests.LoginPageTest">
    <failure type="org.openqa.selenium.NoSuchElementException" message="no such element: Unable to locate element: {&amp;quot;method&amp;quot;:&amp;quot;xpath&amp;quot;,&amp;quot;selector&amp;quot;:&amp;quot;//a[@class=&amp;apos;logo123&amp;apos;]&amp;quot;}
  (Session info: chrome=103.0.5060.114)
For documentation on this error, please visit: https://www.seleniumhq.org/exceptions/no_such_element.html
Build info: version: &amp;apos;3.141.59&amp;apos;, revision: &amp;apos;e82be7d358&amp;apos;, time: &amp;apos;2018-11-14T08:17:03&amp;apos;
System info: host: &amp;apos;DESKTOP-JCBJG3I&amp;apos;, ip: &amp;apos;192.168.29.243&amp;apos;, os.name: &amp;apos;Windows 10&amp;apos;, os.arch: &amp;apos;amd64&amp;apos;, os.version: &amp;apos;10.0&amp;apos;, java.version: &amp;apos;1.8.0_281&amp;apos;
Driver info: org.openqa.selenium.chrome.ChromeDriver
Capabilities {acceptInsecureCerts: true, browserName: chrome, browserVersion: 103.0.5060.114, chrome: {chromedriverVersion: 103.0.5060.53 (a1711811edd7..., userDataDir: C:\Users\sande\AppData\Loca...}, goog:chromeOptions: {debuggerAddress: localhost:55070}, javascriptEnabled: true, networkConnectionEnabled: false, pageLoadStrategy: normal, platform: WINDOWS, platformName: WINDOWS, proxy: Proxy(), setWindowRect: true, strictFileInteractability: false, timeouts: {implicit: 0, pageLoad: 300000, script: 30000}, unhandledPromptBehavior: dismiss and notify, webauthn:extension:credBlob: true, webauthn:extension:largeBlob: true, webauthn:virtualAuthenticators: true}
Session ID: 3fccf0cc2f908f821d4e5317e10eb99e
*** Element info: {Using=xpath, value=//a[@class=&amp;apos;logo123&amp;apos;]}">
      <![CDATA[org.openqa.selenium.NoSuchElementException: no such element: Unable to locate element: {"method":"xpath","selector":"//a[@class='logo123']"}
  (Session info: chrome=103.0.5060.114)
For documentation on this error, please visit: https://www.seleniumhq.org/exceptions/no_such_element.html
Build info: version: '3.141.59', revision: 'e82be7d358', time: '2018-11-14T08:17:03'
System info: host: 'DESKTOP-JCBJG3I', ip: '192.168.29.243', os.name: 'Windows 10', os.arch: 'amd64', os.version: '10.0', java.version: '1.8.0_281'
Driver info: org.openqa.selenium.chrome.ChromeDriver
Capabilities {acceptInsecureCerts: true, browserName: chrome, browserVersion: 103.0.5060.114, chrome: {chromedriverVersion: 103.0.5060.53 (a1711811edd7..., userDataDir: C:\Users\sande\AppData\Loca...}, goog:chromeOptions: {debuggerAddress: localhost:55070}, javascriptEnabled: true, networkConnectionEnabled: false, pageLoadStrategy: normal, platform: WINDOWS, platformName: WINDOWS, proxy: Proxy(), setWindowRect: true, strictFileInteractability: false, timeouts: {implicit: 0, pageLoad: 300000, script: 30000}, unhandledPromptBehavior: dismiss and notify, webauthn:extension:credBlob: true, webauthn:extension:largeBlob: true, webauthn:virtualAuthenticators: true}
Session ID: 3fccf0cc2f908f821d4e5317e10eb99e
*** Element info: {Using=xpath, value=//a[@class='logo123']}
at org.openqa.selenium.remote.http.W3CHttpResponseCodec.createException(W3CHttpResponseCodec.java:187)
at org.openqa.selenium.remote.http.W3CHttpResponseCodec.decode(W3CHttpResponseCodec.java:122)
at org.openqa.selenium.remote.http.W3CHttpResponseCodec.decode(W3CHttpResponseCodec.java:49)
at org.openqa.selenium.remote.HttpCommandExecutor.execute(HttpCommandExecutor.java:158)
at org.openqa.selenium.remote.service.DriverCommandExecutor.execute(DriverCommandExecutor.java:83)
at org.openqa.selenium.remote.RemoteWebDriver.execute(RemoteWebDriver.java:552)
at org.openqa.selenium.remote.RemoteWebDriver.findElement(RemoteWebDriver.java:323)
at org.openqa.selenium.remote.RemoteWebDriver.findElementByXPath(RemoteWebDriver.java:428)
at org.openqa.selenium.By$ByXPath.findElement(By.java:353)
at org.openqa.selenium.remote.RemoteWebDriver.findElement(RemoteWebDriver.java:315)
at org.openqa.selenium.support.pagefactory.DefaultElementLocator.findElement(DefaultElementLocator.java:69)
at org.openqa.selenium.support.pagefactory.internal.LocatingElementHandler.invoke(LocatingElementHandler.java:38)
at com.sun.proxy.$Proxy9.isDisplayed(Unknown Source)
at com.qa.capsulecrm.pages.LoginPage.verifyLogoDisplay(LoginPage.java:40)
at com.qa.capsulecrm.tests.LoginPageTest.verifyLogoDisplayTest(LoginPageTest.java:40)
at java.util.ArrayList.forEach(ArrayList.java:1259)
... Removed 31 stack frames]]>
    </failure>
  </testcase> <!-- verifyLogoDisplayTest -->
  <testcase name="verifyLoginTest" time="0.0" classname="com.qa.capsulecrm.tests.LoginPageTest">
    <ignored/>
  </testcase> <!-- verifyLoginTest -->
</testsuite> <!-- RetryFailedTests -->
