<?xml version="1.0" encoding="UTF-8"?>
<!-- Generated by org.testng.reporters.JUnitXMLReporter -->
<testsuite hostname="DESKTOP-JCBJG3I" ignored="0" name="Test" tests="3" failures="1" timestamp="2022-07-15T21:28:17 IST" time="13.695" errors="0">
  <testcase name="verifyPageTitleTest" time="0.021" classname="com.qa.capsulecrm.tests.LoginPageTest">
    <failure type="java.lang.AssertionError" message="expected [Test Automation CRM234] but found [Test Automation CRM]">
      <![CDATA[java.lang.AssertionError: expected [Test Automation CRM234] but found [Test Automation CRM]
at com.qa.capsulecrm.tests.LoginPageTest.verifyPageTitleTest(LoginPageTest.java:34)
at java.util.ArrayList.forEach(ArrayList.java:1259)
... Removed 33 stack frames]]>
    </failure>
  </testcase> <!-- verifyPageTitleTest -->
  <testcase name="verifyLogoDisplayTest" time="0.102" classname="com.qa.capsulecrm.tests.LoginPageTest"/>
  <testcase name="verifyLoginTest" time="2.516" classname="com.qa.capsulecrm.tests.LoginPageTest"/>
</testsuite> <!-- Test -->
